<?xml version="1.0" encoding="UTF-8"?>
<!-- Generated by org.testng.reporters.JUnitXMLReporter -->
<testsuite ignored="4" hostname="LAPTOP-MNNM6MBN" failures="0" tests="1" name="Default test" time="5.709" errors="0" timestamp="2023-03-13T22:42:58 CDT">
  <testcase classname="com.simpletest.FistApitest" name="createdata" time="4.396"/>
  <testcase classname="com.simpletest.FistApitest" name="negativeTest" time="0.0">
    <ignored/>
  </testcase> <!-- negativeTest -->
  <testcase classname="com.simpletest.FistApitest" name="deletedata" time="0.0">
    <ignored/>
  </testcase> <!-- deletedata -->
  <testcase classname="com.simpletest.FistApitest" name="getID2" time="0.0">
    <ignored/>
  </testcase> <!-- getID2 -->
  <testcase classname="com.simpletest.FistApitest" name="Getemployeeinfo" time="0.0">
    <ignored/>
  </testcase> <!-- Getemployeeinfo -->
</testsuite> <!-- Default test -->
