<?xml version="1.0" encoding="UTF-8"?>
<testng-results ignored="4" total="5" passed="1" failed="0" skipped="0">
  <reporter-output>
  </reporter-output>
  <suite started-at="2023-03-13T22:42:52 CDT" name="Default suite" finished-at="2023-03-13T22:42:58 CDT" duration-ms="5709">
    <groups>
    </groups>
    <test started-at="2023-03-13T22:42:52 CDT" name="Default test" finished-at="2023-03-13T22:42:58 CDT" duration-ms="5709">
      <class name="com.simpletest.FistApitest">
        <test-method is-config="true" signature="init()[pri:0, instance:com.simpletest.FistApitest@3c130745]" started-at="2023-03-13T22:42:52 CDT" name="init" finished-at="2023-03-13T22:42:53 CDT" duration-ms="1254" status="PASS">
          <reporter-output>
          </reporter-output>
        </test-method> <!-- init -->
        <test-method signature="createdata()[pri:0, instance:com.simpletest.FistApitest@3c130745]" started-at="2023-03-13T22:42:53 CDT" name="createdata" finished-at="2023-03-13T22:42:58 CDT" duration-ms="4396" status="PASS">
          <reporter-output>
          </reporter-output>
        </test-method> <!-- createdata -->
      </class> <!-- com.simpletest.FistApitest -->
    </test> <!-- Default test -->
  </suite> <!-- Default suite -->
</testng-results>
